[2025-08-27 15:22:10] Server     INFO  Apache Jena Fuseki 4.6.1
[2025-08-27 15:22:10] Server     INFO  Configuration file: ../.fuseki.ttl
[2025-08-27 15:22:10] Server     INFO  Path = /tutorial2
[2025-08-27 15:22:10] Server     INFO  System
[2025-08-27 15:22:10] Server     INFO    Memory: 4.0 GiB
[2025-08-27 15:22:10] Server     INFO    Java:   21.0.8
[2025-08-27 15:22:10] Server     INFO    OS:     Windows 11 10.0 amd64
[2025-08-27 15:22:10] Server     INFO    PID:    15396
[2025-08-27 15:22:10] Server     INFO  Start Fuseki (http=3030)
[2025-08-27 15:22:14] Fuseki     INFO  [1] GET http://localhost:3030/tutorial2/sparql?query=select%20?g%20%7B%20graph%20?g%20%7B%20?o%20a%20%3Chttp://www.w3.org/2002/07/owl%23Ontology%3E%20%7D%20%7D
[2025-08-27 15:22:14] Fuseki     INFO  [1] Query = select ?g { graph ?g { ?o a <http://www.w3.org/2002/07/owl#Ontology> } }
[2025-08-27 15:22:14] Fuseki     INFO  [1] 200 OK (58 ms)
[2025-08-27 15:22:14] Fuseki     INFO  [2] PUT http://localhost:3030/tutorial2?graph=http://purl.org/dc/elements/1.1
[2025-08-27 15:22:14] Fuseki     INFO  [4] PUT http://localhost:3030/tutorial2?graph=http://example.com/tutorial2/description/masses
[2025-08-27 15:22:14] Fuseki     INFO  [8] PUT http://localhost:3030/tutorial2?graph=http://example.com/tutorial2/description/requirements
[2025-08-27 15:22:14] Fuseki     INFO  [5] PUT http://localhost:3030/tutorial2?graph=http://example.com/tutorial2/description/junctions
[2025-08-27 15:22:14] Fuseki     INFO  [6] PUT http://localhost:3030/tutorial2?graph=http://example.com/tutorial2/description/bundle
[2025-08-27 15:22:14] Fuseki     INFO  [3] PUT http://localhost:3030/tutorial2?graph=http://iso.org/iso-80000-4.1
[2025-08-27 15:22:14] Fuseki     INFO  [7] PUT http://localhost:3030/tutorial2?graph=http://example.com/tutorial2/description/missions
[2025-08-27 15:22:14] Fuseki     INFO  [9] PUT http://localhost:3030/tutorial2?graph=http://example.com/tutorial2/description/components
[2025-08-27 15:22:14] Fuseki     INFO  [10] PUT http://localhost:3030/tutorial2?graph=http://example.com/tutorial2/vocabulary/bundle
[2025-08-27 15:22:14] Fuseki     INFO  [11] PUT http://localhost:3030/tutorial2?graph=http://example.com/tutorial2/description/bundle/classes
[2025-08-27 15:22:14] Fuseki     INFO  [14] PUT http://localhost:3030/tutorial2?graph=http://iso.org/iso-1087-1
[2025-08-27 15:22:14] Fuseki     INFO  [12] PUT http://localhost:3030/tutorial2?graph=http://example.com/tutorial2/description/bundle/individuals
[2025-08-27 15:22:14] Fuseki     INFO  [13] PUT http://localhost:3030/tutorial2?graph=http://example.com/tutorial2/description/bundle/properties
[2025-08-27 15:22:14] Fuseki     INFO  [15] PUT http://localhost:3030/tutorial2?graph=http://example.com/tutorial2/description/interfaces
[2025-08-27 15:22:14] Fuseki     INFO  [16] PUT http://localhost:3030/tutorial2?graph=http://bipm.org/jcgm/vim4
[2025-08-27 15:22:14] Fuseki     INFO  [17] PUT http://localhost:3030/tutorial2?graph=http://example.com/tutorial2/vocabulary/mission
[2025-08-27 15:22:14] Fuseki     INFO  [18] PUT http://localhost:3030/tutorial2?graph=http://example.com/tutorial2/description/objectives
[2025-08-27 15:22:14] Fuseki     INFO  [19] PUT http://localhost:3030/tutorial2?graph=http://example.com/tutorial2/vocabulary/base
[2025-08-27 15:22:15] Fuseki     INFO  [4] Body: Content-Length=15625, Content-Type=application/rdf+xml, Charset=null => RDF/XML : Count=93 Triples=93 Quads=0
[2025-08-27 15:22:15] Fuseki     INFO  [4] 201 Created (188 ms)
[2025-08-27 15:22:15] Fuseki     INFO  [6] Body: Content-Length=1771, Content-Type=application/rdf+xml, Charset=null => RDF/XML : Count=12 Triples=12 Quads=0
[2025-08-27 15:22:15] Fuseki     INFO  [6] 201 Created (203 ms)
[2025-08-27 15:22:15] Fuseki     INFO  [3] Body: Content-Length=6321, Content-Type=application/rdf+xml, Charset=null => RDF/XML : Count=49 Triples=49 Quads=0
[2025-08-27 15:22:15] Fuseki     INFO  [3] 201 Created (298 ms)
[2025-08-27 15:22:15] Fuseki     INFO  [20] PUT http://localhost:3030/tutorial2?graph=http://example.com/tutorial2/vocabulary/mechanical
[2025-08-27 15:22:15] Fuseki     INFO  [7] Body: Content-Length=5432, Content-Type=application/rdf+xml, Charset=null => RDF/XML : Count=35 Triples=35 Quads=0
[2025-08-27 15:22:15] Fuseki     INFO  [7] 201 Created (365 ms)
[2025-08-27 15:22:15] Fuseki     INFO  [21] PUT http://localhost:3030/tutorial2?graph=http://iso.org/iso-80000-1
[2025-08-27 15:22:15] Fuseki     INFO  [5] Body: Content-Length=4412, Content-Type=application/rdf+xml, Charset=null => RDF/XML : Count=25 Triples=25 Quads=0
[2025-08-27 15:22:15] Fuseki     INFO  [5] 201 Created (407 ms)
[2025-08-27 15:22:15] Fuseki     INFO  [9] Body: Content-Length=12368, Content-Type=application/rdf+xml, Charset=null => RDF/XML : Count=98 Triples=98 Quads=0
[2025-08-27 15:22:15] Fuseki     INFO  [9] 201 Created (447 ms)
[2025-08-27 15:22:15] Fuseki     INFO  [8] Body: Content-Length=5137, Content-Type=application/rdf+xml, Charset=null => RDF/XML : Count=29 Triples=29 Quads=0
[2025-08-27 15:22:15] Fuseki     INFO  [8] 201 Created (470 ms)
[2025-08-27 15:22:15] Fuseki     INFO  [10] Body: Content-Length=27589, Content-Type=application/rdf+xml, Charset=null => RDF/XML : Count=245 Triples=245 Quads=0
[2025-08-27 15:22:15] Fuseki     INFO  [10] 201 Created (534 ms)
[2025-08-27 15:22:15] Fuseki     INFO  [2] Body: Content-Length=4083, Content-Type=application/rdf+xml, Charset=null => RDF/XML : Count=27 Triples=27 Quads=0
[2025-08-27 15:22:15] Fuseki     INFO  [2] 201 Created (547 ms)
[2025-08-27 15:22:15] Fuseki     INFO  [11] Body: Content-Length=25620, Content-Type=text/turtle, Charset=null => Turtle : Count=371 Triples=371 Quads=0
[2025-08-27 15:22:15] Fuseki     INFO  [11] 201 Created (565 ms)
[2025-08-27 15:22:15] Fuseki     INFO  [14] Body: Content-Length=8315, Content-Type=application/rdf+xml, Charset=null => RDF/XML : Count=65 Triples=65 Quads=0
[2025-08-27 15:22:15] Fuseki     INFO  [14] 201 Created (578 ms)
[2025-08-27 15:22:15] Fuseki     INFO  [12] Body: Content-Length=77862, Content-Type=text/turtle, Charset=null => Turtle : Count=925 Triples=925 Quads=0
[2025-08-27 15:22:15] Fuseki     INFO  [12] 201 Created (636 ms)
[2025-08-27 15:22:15] Fuseki     INFO  [13] Body: Content-Length=19853, Content-Type=text/turtle, Charset=null => Turtle : Count=259 Triples=259 Quads=0
[2025-08-27 15:22:15] Fuseki     INFO  [13] 201 Created (654 ms)
[2025-08-27 15:22:15] Fuseki     INFO  [15] Body: Content-Length=7633, Content-Type=application/rdf+xml, Charset=null => RDF/XML : Count=51 Triples=51 Quads=0
[2025-08-27 15:22:15] Fuseki     INFO  [15] 201 Created (663 ms)
[2025-08-27 15:22:15] Fuseki     INFO  [16] Body: Content-Length=190820, Content-Type=application/rdf+xml, Charset=null => RDF/XML : Count=1834 Triples=1834 Quads=0
[2025-08-27 15:22:15] Fuseki     INFO  [16] 201 Created (793 ms)
[2025-08-27 15:22:15] Fuseki     INFO  [17] Body: Content-Length=41511, Content-Type=application/rdf+xml, Charset=null => RDF/XML : Count=373 Triples=373 Quads=0
[2025-08-27 15:22:15] Fuseki     INFO  [17] 201 Created (825 ms)
[2025-08-27 15:22:15] Fuseki     INFO  [18] Body: Content-Length=7249, Content-Type=application/rdf+xml, Charset=null => RDF/XML : Count=50 Triples=50 Quads=0
[2025-08-27 15:22:15] Fuseki     INFO  [18] 201 Created (834 ms)
[2025-08-27 15:22:15] Fuseki     INFO  [19] Body: Content-Length=16985, Content-Type=application/rdf+xml, Charset=null => RDF/XML : Count=139 Triples=139 Quads=0
[2025-08-27 15:22:15] Fuseki     INFO  [19] 201 Created (857 ms)
[2025-08-27 15:22:15] Fuseki     INFO  [20] Body: Content-Length=3448, Content-Type=application/rdf+xml, Charset=null => RDF/XML : Count=28 Triples=28 Quads=0
[2025-08-27 15:22:15] Fuseki     INFO  [20] 201 Created (585 ms)
[2025-08-27 15:22:15] Fuseki     INFO  [21] Body: Content-Length=13742, Content-Type=application/rdf+xml, Charset=null => RDF/XML : Count=153 Triples=153 Quads=0
[2025-08-27 15:22:15] Fuseki     INFO  [21] 201 Created (542 ms)
